android/app/build/intermediates/manifest_merge_blame_file/debug/manifest-merger-blame-debug-report.txt
1<?xml version="1.0" encoding="utf-8"?>
2<manifest xmlns:android="http://schemas.android.com/apk/res/android"
3    package="com.navigation"
4    android:versionCode="1"
5    android:versionName="1.0" >
6
7    <uses-sdk
8        android:minSdkVersion="16"
8-->src/main/AndroidManifest.xml
9        android:targetSdkVersion="28" />
9-->src/main/AndroidManifest.xml
10
11    <uses-permission android:name="android.permission.INTERNET" />
11-->src/main/AndroidManifest.xml:4:5-67
11-->src/main/AndroidManifest.xml:4:22-64
12    <uses-permission android:name="android.permission.SYSTEM_ALERT_WINDOW" />
12-->src/main/AndroidManifest.xml:5:5-77
12-->src/main/AndroidManifest.xml:5:22-75
13    <uses-permission android:name="android.permission.ACCESS_COARSE_LOCATION" /> <!-- Include required permissions for Google Maps API to run. -->
13-->[:react-native-maps] AndroidManifest.xml:10:5-81
13-->[:react-native-maps] AndroidManifest.xml:10:22-78
14    <uses-permission android:name="android.permission.ACCESS_NETWORK_STATE" />
14-->[com.google.android.gms:play-services-maps:10.2.4] AndroidManifest.xml:19:5-78
14-->[com.google.android.gms:play-services-maps:10.2.4] AndroidManifest.xml:19:22-76
15
16    <uses-feature
16-->[com.google.android.gms:play-services-maps:10.2.4] AndroidManifest.xml:21:5-77
17        android:glEsVersion="0x00020000"
17-->[com.google.android.gms:play-services-maps:10.2.4] AndroidManifest.xml:21:19-51
18        android:required="true" />
18-->[com.google.android.gms:play-services-maps:10.2.4] AndroidManifest.xml:21:52-75
19
20    <uses-permission android:name="android.permission.WRITE_EXTERNAL_STORAGE" />
21    <uses-permission android:name="android.permission.READ_PHONE_STATE" />
22    <uses-permission android:name="android.permission.READ_EXTERNAL_STORAGE" />
23
24    <application
24-->src/main/AndroidManifest.xml:7:5-27:19
25        android:name="com.navigation.MainApplication"
25-->src/main/AndroidManifest.xml:8:7-38
26        android:allowBackup="false"
26-->src/main/AndroidManifest.xml:11:7-34
27        android:debuggable="true"
28        android:icon="@mipmap/ic_launcher"
28-->src/main/AndroidManifest.xml:10:7-41
29        android:label="@string/app_name"
29-->src/main/AndroidManifest.xml:9:7-39
30        android:theme="@style/AppTheme" >
30-->src/main/AndroidManifest.xml:12:7-38
31        <activity
31-->src/main/AndroidManifest.xml:13:7-22:18
32            android:name="com.navigation.MainActivity"
32-->src/main/AndroidManifest.xml:14:9-37
33            android:configChanges="keyboard|keyboardHidden|orientation|screenSize"
33-->src/main/AndroidManifest.xml:16:9-79
34            android:label="@string/app_name"
34-->src/main/AndroidManifest.xml:15:9-41
35            android:windowSoftInputMode="adjustResize" >
35-->src/main/AndroidManifest.xml:17:9-51
36            <intent-filter>
36-->src/main/AndroidManifest.xml:18:9-21:25
37                <action android:name="android.intent.action.MAIN" />
37-->src/main/AndroidManifest.xml:19:13-65
37-->src/main/AndroidManifest.xml:19:21-62
38
39                <category android:name="android.intent.category.LAUNCHER" />
39-->src/main/AndroidManifest.xml:20:13-73
39-->src/main/AndroidManifest.xml:20:23-70
40            </intent-filter>
41        </activity>
42        <activity android:name="com.facebook.react.devsupport.DevSettingsActivity" />
42-->src/main/AndroidManifest.xml:23:7-84
42-->src/main/AndroidManifest.xml:23:17-81
43
44        <meta-data
44-->src/main/AndroidManifest.xml:24:7-26:66
45            android:name="com.google.android.geo.API_KEY"
45-->src/main/AndroidManifest.xml:25:9-54
46            android:value="AIzaSyB_yDovaCQMTwjXpZzzwhbxuotWTy0j3qo" />
46-->src/main/AndroidManifest.xml:26:9-64
47
48        <activity
48-->[com.google.android.gms:play-services-base:10.2.4] AndroidManifest.xml:19:9-172
49            android:name="com.google.android.gms.common.api.GoogleApiActivity"
49-->[com.google.android.gms:play-services-base:10.2.4] AndroidManifest.xml:19:19-85
50            android:exported="false"
50-->[com.google.android.gms:play-services-base:10.2.4] AndroidManifest.xml:19:146-170
51            android:theme="@android:style/Theme.Translucent.NoTitleBar" />
51-->[com.google.android.gms:play-services-base:10.2.4] AndroidManifest.xml:19:86-145
52
53        <meta-data
53-->[com.google.maps.android:android-maps-utils:0.5] AndroidManifest.xml:8:9-10:69
54            android:name="com.google.android.gms.version"
54-->[com.google.maps.android:android-maps-utils:0.5] AndroidManifest.xml:9:13-58
55            android:value="@integer/google_play_services_version" />
55-->[com.google.maps.android:android-maps-utils:0.5] AndroidManifest.xml:10:13-66
56    </application>
57
58</manifest>